<?xml version="1.0" encoding="UTF-8"?>
<!-- Generated by org.testng.reporters.JUnitReportReporter -->
<testsuite hostname="LAPTOP-Q0RHMQN6" failures="0" tests="1" name="testCases.AmazonLogin" time="4.360" errors="0" timestamp="2022-12-17T15:03:12 IST" skipped="0">
  <testcase classname="testCases.AmazonLogin" name="Login" time="4.360"/>
  <system-out/>
</testsuite> <!-- testCases.AmazonLogin -->
